<?xml version="1.0" encoding="UTF-8"?>
<testsuite name="PaychexSimTest" tests="1" skipped="0" failures="0" errors="0" timestamp="2021-03-19T17:00:58" hostname="SL-0465" time="96.746">
  <properties/>
  <testcase name="test" classname="PaychexSimTest" time="96.746"/>
  <system-out><![CDATA[aleks.shineleva]]></system-out>
  <system-err><![CDATA[Mar 19, 2021 10:02:30 AM io.appium.java_client.remote.AppiumCommandExecutor$1 lambda$0
INFO: Detected dialect: OSS
]]></system-err>
</testsuite>
