<?xml version="1.0" encoding="UTF-8"?>
<testsuite name="iOSTestUsingSauceConnectW3C" tests="1" skipped="0" failures="0" errors="0" timestamp="2020-12-04T23:53:31" hostname="SL-0465" time="55.063">
  <properties/>
  <testcase name="test" classname="iOSTestUsingSauceConnectW3C" time="55.063"/>
  <system-out><![CDATA[Capabilities {appiumVersion: 1.17.1, browserName: Safari, deviceName: iPhone 8 Simulator, platformName: iOS, platformVersion: 13.0, sauce:options: Capabilities {name: Sauce T...}
]]></system-out>
  <system-err><![CDATA[Dec 04, 2020 3:54:21 PM io.appium.java_client.remote.AppiumCommandExecutor$1 lambda$0
INFO: Detected dialect: W3C
]]></system-err>
</testsuite>
