<?xml version="1.0" encoding="UTF-8"?>
<testsuite name="SampleSauceTest" tests="1" skipped="0" failures="0" errors="0" timestamp="2020-11-09T19:09:59" hostname="SL-0465" time="45.872">
  <properties/>
  <testcase name="test" classname="SampleSauceTest" time="45.872"/>
  <system-out><![CDATA[]]></system-out>
  <system-err><![CDATA[Nov 09, 2020 11:10:36 AM io.appium.java_client.remote.AppiumCommandExecutor$1 lambda$0
INFO: Detected dialect: OSS
]]></system-err>
</testsuite>
