<?xml version="1.0" encoding="UTF-8"?>
<testsuite name="Mobile_Web_Captcha_IOS" tests="1" skipped="0" failures="0" errors="0" timestamp="2020-11-24T00:57:25" hostname="SL-0465" time="32.545">
  <properties/>
  <testcase name="test" classname="Mobile_Web_Captcha_IOS" time="32.545"/>
  <system-out><![CDATA[]]></system-out>
  <system-err><![CDATA[Nov 23, 2020 4:57:43 PM org.openqa.selenium.remote.ProtocolHandshake createSession
INFO: Detected dialect: W3C
]]></system-err>
</testsuite>
