<?xml version="1.0" encoding="UTF-8"?>
<testsuite name="RDC_Simple_Test" tests="1" skipped="0" failures="0" errors="0" timestamp="2020-11-24T01:28:09" hostname="SL-0465" time="56.973">
  <properties/>
  <testcase name="test" classname="RDC_Simple_Test" time="56.973"/>
  <system-out><![CDATA[]]></system-out>
  <system-err><![CDATA[Nov 23, 2020 5:28:56 PM io.appium.java_client.remote.AppiumCommandExecutor$1 lambda$0
INFO: Detected dialect: OSS
]]></system-err>
</testsuite>
