<?xml version="1.0" encoding="UTF-8"?>
<testsuite name="AndroidEmuSimpleTestUsingAnAPP" tests="1" skipped="0" failures="0" errors="0" timestamp="2021-04-20T20:31:57" hostname="SL-0465" time="84.994">
  <properties/>
  <testcase name="test" classname="AndroidEmuSimpleTestUsingAnAPP" time="84.994"/>
  <system-out><![CDATA[Capabilities {browserName: chrome, deviceName: Android GoogleAPI Emulator, deviceOrientation: portrait, platformName: Android, platformVersion: 11.0, sauce:options: Capabilities {appiumVersion...}
]]></system-out>
  <system-err><![CDATA[Apr 20, 2021 1:32:47 PM io.appium.java_client.remote.AppiumCommandExecutor$1 lambda$0
INFO: Detected dialect: W3C
]]></system-err>
</testsuite>
