<?xml version="1.0" encoding="UTF-8"?>
<testsuite name="Locator_Strategies" tests="1" skipped="0" failures="0" errors="0" timestamp="2020-11-24T00:18:47" hostname="SL-0465" time="21.283">
  <properties/>
  <testcase name="test" classname="Locator_Strategies" time="21.283"/>
  <system-out><![CDATA[1
]]></system-out>
  <system-err><![CDATA[Nov 23, 2020 4:19:03 PM io.appium.java_client.remote.AppiumCommandExecutor$1 lambda$0
INFO: Detected dialect: W3C
]]></system-err>
</testsuite>
