<?xml version="1.0" encoding="UTF-8"?>
<testsuite name="Ch_04_04_Waiting_For_Elements_After" tests="1" skipped="0" failures="0" errors="0" timestamp="2020-10-28T20:04:01" hostname="SL-0465" time="24.705">
  <properties/>
  <testcase name="test" classname="Ch_04_04_Waiting_For_Elements_After" time="24.705"/>
  <system-out><![CDATA[]]></system-out>
  <system-err><![CDATA[Oct 28, 2020 1:04:22 PM io.appium.java_client.remote.AppiumCommandExecutor$1 lambda$0
INFO: Detected dialect: W3C
]]></system-err>
</testsuite>
