<?xml version="1.0" encoding="UTF-8"?>
<testsuite name="Ch_04_09_Solution_Before" tests="1" skipped="0" failures="0" errors="0" timestamp="2020-10-29T17:23:04" hostname="SL-0465" time="20.107">
  <properties/>
  <testcase name="test" classname="Ch_04_09_Solution_Before" time="20.107"/>
  <system-out><![CDATA[]]></system-out>
  <system-err><![CDATA[Oct 29, 2020 10:23:17 AM io.appium.java_client.remote.AppiumCommandExecutor$1 lambda$0
INFO: Detected dialect: W3C
]]></system-err>
</testsuite>
