<?xml version="1.0" encoding="UTF-8"?>
<testsuite name="RDC_Simple_Test_Android" tests="1" skipped="0" failures="0" errors="0" timestamp="2021-03-03T21:45:10" hostname="SL-0465" time="43.779">
  <properties/>
  <testcase name="test" classname="RDC_Simple_Test_Android" time="43.779"/>
  <system-out><![CDATA[]]></system-out>
  <system-err><![CDATA[Mar 03, 2021 1:45:46 PM io.appium.java_client.remote.AppiumCommandExecutor$1 lambda$0
INFO: Detected dialect: OSS
]]></system-err>
</testsuite>
