<?xml version="1.0" encoding="UTF-8"?>
<testsuite name="Mobile_Sauce_Test_Virtual_D" tests="1" skipped="0" failures="0" errors="0" timestamp="2020-11-11T17:12:33" hostname="SL-0465" time="42.454">
  <properties/>
  <testcase name="test" classname="Mobile_Sauce_Test_Virtual_D" time="42.454"/>
  <system-out><![CDATA[]]></system-out>
  <system-err><![CDATA[Nov 11, 2020 9:13:07 AM io.appium.java_client.remote.AppiumCommandExecutor$1 lambda$0
INFO: Detected dialect: OSS
]]></system-err>
</testsuite>
