<?xml version="1.0" encoding="UTF-8"?>
<testsuite name="Ch_05_07_Solution_Before" tests="1" skipped="0" failures="0" errors="0" timestamp="2020-10-30T19:47:10" hostname="SL-0465" time="13.707">
  <properties/>
  <testcase name="test" classname="Ch_05_07_Solution_Before" time="13.707"/>
  <system-out><![CDATA[]]></system-out>
  <system-err><![CDATA[Oct 30, 2020 12:47:19 PM org.openqa.selenium.remote.ProtocolHandshake createSession
INFO: Detected dialect: W3C
]]></system-err>
</testsuite>
