<?xml version="1.0" encoding="UTF-8"?>
<testsuite name="Ch_04_06_Page_Source_Before" tests="1" skipped="0" failures="0" errors="0" timestamp="2020-10-28T20:43:09" hostname="SL-0465" time="18.507">
  <properties/>
  <testcase name="test" classname="Ch_04_06_Page_Source_Before" time="18.507"/>
  <system-out><![CDATA[]]></system-out>
  <system-err><![CDATA[Oct 28, 2020 1:43:20 PM io.appium.java_client.remote.AppiumCommandExecutor$1 lambda$0
INFO: Detected dialect: W3C
]]></system-err>
</testsuite>
