<?xml version="1.0" encoding="UTF-8"?>
<testsuite name="Test_Object_Test" tests="1" skipped="0" failures="0" errors="0" timestamp="2020-11-11T16:24:42" hostname="SL-0465" time="32.087">
  <properties/>
  <testcase name="testMethod" classname="Test_Object_Test" time="32.087"/>
  <system-out><![CDATA[]]></system-out>
  <system-err><![CDATA[Nov 11, 2020 8:25:10 AM io.appium.java_client.remote.AppiumCommandExecutor$1 lambda$0
INFO: Detected dialect: OSS
]]></system-err>
</testsuite>
