<?xml version="1.0" encoding="UTF-8"?>
<testsuite name="RDC_Simple_Test" tests="1" skipped="0" failures="0" errors="0" timestamp="2020-11-09T20:32:00" hostname="SL-0465" time="42.538">
  <properties/>
  <testcase name="test" classname="RDC_Simple_Test" time="42.538"/>
  <system-out><![CDATA[]]></system-out>
  <system-err><![CDATA[Nov 09, 2020 12:32:34 PM io.appium.java_client.remote.AppiumCommandExecutor$1 lambda$0
INFO: Detected dialect: OSS
]]></system-err>
</testsuite>
