<?xml version="1.0" encoding="UTF-8"?>
<testsuite name="Mobile_Sauce_Test_Virtual_D" tests="1" skipped="0" failures="0" errors="0" timestamp="2020-11-24T00:28:22" hostname="SL-0465" time="48.255">
  <properties/>
  <testcase name="test" classname="Mobile_Sauce_Test_Virtual_D" time="48.255"/>
  <system-out><![CDATA[]]></system-out>
  <system-err><![CDATA[Nov 23, 2020 4:29:00 PM io.appium.java_client.remote.AppiumCommandExecutor$1 lambda$0
INFO: Detected dialect: OSS
]]></system-err>
</testsuite>
