<?xml version="1.0" encoding="UTF-8"?>
<testsuite name="Get_Geo_Location_iOS" tests="1" skipped="0" failures="0" errors="0" timestamp="2020-11-24T00:13:28" hostname="SL-0465" time="91.064">
  <properties/>
  <testcase name="LogIn" classname="Get_Geo_Location_iOS" time="91.064"/>
  <system-out><![CDATA[]]></system-out>
  <system-err><![CDATA[Nov 23, 2020 4:14:31 PM io.appium.java_client.remote.AppiumCommandExecutor$1 lambda$0
INFO: Detected dialect: OSS
]]></system-err>
</testsuite>
