<?xml version="1.0" encoding="UTF-8"?>
<testsuite name="RDC_Simple_Test_iOS" tests="1" skipped="0" failures="0" errors="0" timestamp="2021-05-03T18:43:21" hostname="SL-0465" time="752.97">
  <properties/>
  <testcase name="test" classname="RDC_Simple_Test_iOS" time="752.97"/>
  <system-out><![CDATA[]]></system-out>
  <system-err><![CDATA[May 03, 2021 11:49:37 AM io.appium.java_client.remote.AppiumCommandExecutor$1 lambda$0
INFO: Detected dialect: OSS
]]></system-err>
</testsuite>
