<?xml version="1.0" encoding="UTF-8"?>
<testsuite name="RDC_Simple_Test_Android" tests="1" skipped="0" failures="0" errors="0" timestamp="2020-11-25T01:10:42" hostname="SL-0465" time="51.584">
  <properties/>
  <testcase name="test" classname="RDC_Simple_Test_Android" time="51.584"/>
  <system-out><![CDATA[]]></system-out>
  <system-err><![CDATA[Nov 24, 2020 5:11:25 PM io.appium.java_client.remote.AppiumCommandExecutor$1 lambda$0
INFO: Detected dialect: OSS
]]></system-err>
</testsuite>
