<?xml version="1.0" encoding="UTF-8"?>
<testsuite name="Setting_Location" tests="1" skipped="0" failures="0" errors="0" timestamp="2020-11-11T22:12:13" hostname="SL-0465" time="87.314">
  <properties/>
  <testcase name="LogIn" classname="Setting_Location" time="87.314"/>
  <system-out><![CDATA[]]></system-out>
  <system-err><![CDATA[Nov 11, 2020 2:13:12 PM io.appium.java_client.remote.AppiumCommandExecutor$1 lambda$0
INFO: Detected dialect: OSS
]]></system-err>
</testsuite>
