<?xml version="1.0" encoding="UTF-8"?>
<testsuite name="Test_Object_Android_Test" tests="1" skipped="0" failures="0" errors="0" timestamp="2020-11-24T00:35:06" hostname="SL-0465" time="30.726">
  <properties/>
  <testcase name="testMethod" classname="Test_Object_Android_Test" time="30.726"/>
  <system-out><![CDATA[]]></system-out>
  <system-err><![CDATA[Nov 23, 2020 4:35:32 PM io.appium.java_client.remote.AppiumCommandExecutor$1 lambda$0
INFO: Detected dialect: OSS
]]></system-err>
</testsuite>
